<?xml version="1.0" encoding="UTF-8"?>
<testsuite xmlns:xsi="http://www.w3.org/2001/XMLSchema-instance" xsi:noNamespaceSchemaLocation="https://maven.apache.org/surefire/maven-surefire-plugin/xsd/surefire-test-report.xsd" name="com.flt.ActivemqApplicationTests" time="6.431" tests="2" errors="0" skipped="0" failures="0">
  <properties>
[...]
</properties>
  <testcase name="test" classname="com.flt.ActivemqApplicationTests" time="0.758"/>
  <testcase name="contextLoads" classname="com.flt.ActivemqApplicationTests" time="0.889"/>
</testsuite>